[debug] [2022-02-24T21:41:19.037Z] ----------------------------------------------------------------------
[debug] [2022-02-24T21:41:19.040Z] Command:       C:\Program Files\nodejs\node.exe C:\Users\Zakria\AppData\Roaming\npm\node_modules\firebase-tools\lib\bin\firebase.js init
[debug] [2022-02-24T21:41:19.041Z] CLI Version:   9.20.0
[debug] [2022-02-24T21:41:19.041Z] Platform:      win32
[debug] [2022-02-24T21:41:19.041Z] Node Version:  v16.9.1
[debug] [2022-02-24T21:41:19.042Z] Time:          Fri Feb 25 2022 02:41:19 GMT+0500 (Pakistan Standard Time)
[debug] [2022-02-24T21:41:19.042Z] ----------------------------------------------------------------------
[debug] 
[debug] [2022-02-24T21:41:19.055Z] > command requires scopes: ["email","openid","https://www.googleapis.com/auth/cloudplatformprojects.readonly","https://www.googleapis.com/auth/firebase","https://www.googleapis.com/auth/cloud-platform"]
[debug] [2022-02-24T21:41:19.056Z] > authorizing via signed-in user (noorbuttnoorbutt706@gmail.com)
[info] 
     ######## #### ########  ######## ########     ###     ######  ########
     ##        ##  ##     ## ##       ##     ##  ##   ##  ##       ##
     ######    ##  ########  ######   ########  #########  ######  ######
     ##        ##  ##    ##  ##       ##     ## ##     ##       ## ##
     ##       #### ##     ## ######## ########  ##     ##  ######  ########

You're about to initialize a Firebase project in this directory:

  C:\Users\Zakria\Desktop\Redux-Application\my-app

[info] 
=== Project Setup
[info] 
[info] First, let's associate this project directory with a Firebase project.
[info] You can create multiple project aliases by running firebase use --add, 
[info] but for now we'll just set up a default project.
[info] 
[info] i  .firebaserc already has a default project, using redux-app-b8d97. 
[debug] [2022-02-24T21:41:24.333Z] >>> [apiv2][query] GET https://firebase.googleapis.com/v1beta1/projects/redux-app-b8d97 [none]
[debug] [2022-02-24T21:41:24.856Z] <<< [apiv2][status] GET https://firebase.googleapis.com/v1beta1/projects/redux-app-b8d97 200
[debug] [2022-02-24T21:41:24.856Z] <<< [apiv2][body] GET https://firebase.googleapis.com/v1beta1/projects/redux-app-b8d97 {"projectId":"redux-app-b8d97","projectNumber":"136799971065","displayName":"Redux-App","name":"projects/redux-app-b8d97","resources":{"hostingSite":"redux-app-b8d97","realtimeDatabaseInstance":"redux-app-b8d97-default-rtdb","storageBucket":"redux-app-b8d97.appspot.com","locationId":"us-central"},"state":"ACTIVE"}
[info] 
=== Hosting:github Setup
[info] 
[info] i  Detected a .git folder at C:\Users\Zakria\Desktop\Redux-Application\my-app 
[info] i  Authorizing with GitHub to upload your service account to a GitHub repository's secrets store. 
[info] 
[info] Visit this URL on this device to log in:
[info] https://github.com/login/oauth/authorize?client_id=89cf50f02ac6aaed3484&state=217671314&redirect_uri=http%3A%2F%2Flocalhost%3A9005&scope=read%3Auser%20repo%20public_repo
[info] 
[info] Waiting for authentication...
[debug] [2022-02-24T21:41:26.382Z] >>> HTTP REQUEST POST https://github.com/login/oauth/access_token  
 {"client_id":"89cf50f02ac6aaed3484","client_secret":"3330d14abc895d9a74d5f17cd7a00711fa2c5bf0","code":"721299a490558b9d3cb0","redirect_uri":"http://localhost:9005","state":"217671314"}
[debug] [2022-02-24T21:41:27.003Z] <<< HTTP RESPONSE 200 {"server":"GitHub.com","date":"Thu, 24 Feb 2022 21:41:27 GMT","content-type":"application/json; charset=utf-8","transfer-encoding":"chunked","vary":"X-PJAX, X-PJAX-Container, Accept-Encoding, Accept, X-Requested-With","permissions-policy":"interest-cohort=()","etag":"W/\"07adbc37191ada8667ae2fd626c5cbab\"","cache-control":"max-age=0, private, must-revalidate","strict-transport-security":"max-age=31536000; includeSubdomains; preload","x-frame-options":"deny","x-content-type-options":"nosniff","x-xss-protection":"0","referrer-policy":"origin-when-cross-origin, strict-origin-when-cross-origin","expect-ct":"max-age=2592000, report-uri=\"https://api.github.com/_private/browser/errors\"","content-security-policy":"default-src 'none'; base-uri 'self'; block-all-mixed-content; child-src github.com/assets-cdn/worker/ gist.github.com/assets-cdn/worker/; connect-src 'self' uploads.github.com objects-origin.githubusercontent.com www.githubstatus.com collector.githubapp.com collector.github.com api.github.com github-cloud.s3.amazonaws.com github-production-repository-file-5c1aeb.s3.amazonaws.com github-production-upload-manifest-file-7fdce7.s3.amazonaws.com github-production-user-asset-6210df.s3.amazonaws.com cdn.optimizely.com logx.optimizely.com/v1/events translator.github.com wss://alive.github.com; font-src github.githubassets.com; form-action 'self' github.com gist.github.com objects-origin.githubusercontent.com; frame-ancestors 'none'; frame-src render.githubusercontent.com viewscreen.githubusercontent.com notebooks.githubusercontent.com; img-src 'self' data: github.githubassets.com identicons.github.com collector.githubapp.com collector.github.com github-cloud.s3.amazonaws.com secured-user-images.githubusercontent.com/ *.githubusercontent.com; manifest-src 'self'; media-src github.com user-images.githubusercontent.com/; script-src github.githubassets.com; style-src 'unsafe-inline' github.githubassets.com; worker-src github.com/assets-cdn/worker/ gist.github.com/assets-cdn/worker/","x-github-request-id":"BA36:5B4F:35D05:4FBAA:6217FB87"}
[debug] [2022-02-24T21:41:27.030Z] >>> [apiv2][query] GET https://api.github.com/user [none]
[debug] [2022-02-24T21:41:27.515Z] <<< [apiv2][status] GET https://api.github.com/user 200
[debug] [2022-02-24T21:41:27.515Z] <<< [apiv2][body] GET https://api.github.com/user {"login":"noorbutt","id":64692788,"node_id":"MDQ6VXNlcjY0NjkyNzg4","avatar_url":"https://avatars.githubusercontent.com/u/64692788?v=4","gravatar_id":"","url":"https://api.github.com/users/noorbutt","html_url":"https://github.com/noorbutt","followers_url":"https://api.github.com/users/noorbutt/followers","following_url":"https://api.github.com/users/noorbutt/following{/other_user}","gists_url":"https://api.github.com/users/noorbutt/gists{/gist_id}","starred_url":"https://api.github.com/users/noorbutt/starred{/owner}{/repo}","subscriptions_url":"https://api.github.com/users/noorbutt/subscriptions","organizations_url":"https://api.github.com/users/noorbutt/orgs","repos_url":"https://api.github.com/users/noorbutt/repos","events_url":"https://api.github.com/users/noorbutt/events{/privacy}","received_events_url":"https://api.github.com/users/noorbutt/received_events","type":"User","site_admin":false,"name":"mahnoor butt","company":null,"blog":"","location":null,"email":"noorbuttnoorbutt706@gmail.com","hireable":null,"bio":"I like coding because i like puzzles and it makes my life easier...","twitter_username":null,"public_repos":24,"public_gists":0,"followers":0,"following":1,"created_at":"2020-05-02T13:21:39Z","updated_at":"2022-01-09T18:11:44Z","private_gists":0,"total_private_repos":0,"owned_private_repos":0,"disk_usage":19989,"collaborators":0,"two_factor_authentication":false,"plan":{"name":"free","space":976562499,"collaborators":0,"private_repos":10000}}
[info] 
[info] +  Success! Logged into GitHub as noorbutt 
[info] 
